2026-04-18 07:04:30,185 [INFO] Activator:176 - 


2026-04-18 07:04:30,192 [INFO] Activator:177 - !SESSION log4j initialized
2026-04-18 07:04:37,041 [INFO] LogOutputStream:77 - [STDOUT_REDIRECT] 
2026-04-18 07:23:55,863 [INFO] Activator:176 - 


2026-04-18 07:23:55,865 [INFO] Activator:177 - !SESSION log4j initialized
2026-04-18 07:24:01,993 [INFO] LogOutputStream:77 - [STDOUT_REDIRECT] 
2026-04-18 08:37:47,391 [INFO] Activator:176 - 


2026-04-18 08:37:47,393 [INFO] Activator:177 - !SESSION log4j initialized
2026-04-18 08:37:54,386 [INFO] LogOutputStream:77 - [STDOUT_REDIRECT] 
2026-04-18 08:53:35,447 [ERROR] ConfigurationRetriever:142 - IOException on connection: Connect timed out
2026-04-18 08:56:22,286 [ERROR] AdobePublisher:162 - Exception while opening the connection: java.net.SocketTimeoutException: Read timed out
2026-04-18 08:56:22,286 [ERROR] AdobePublisher:162 - Exception while opening the connection: java.net.SocketTimeoutException: Read timed out
2026-04-18 08:56:22,286 [ERROR] AdobePublisher:162 - Exception while opening the connection: java.net.SocketTimeoutException: Read timed out
2026-04-18 08:56:22,286 [ERROR] AdobePublisher:162 - Exception while opening the connection: java.net.SocketTimeoutException: Read timed out
2026-04-18 08:56:22,286 [ERROR] AdobePublisher:162 - Exception while opening the connection: java.net.SocketTimeoutException: Read timed out
2026-04-18 08:58:04,679 [ERROR] ConfigurationRetriever:142 - IOException on connection: Connect timed out
2026-04-18 09:13:59,467 [ERROR] ConfigurationRetriever:142 - IOException on connection: Read timed out
2026-04-18 09:14:01,487 [ERROR] ConfigurationRetriever:142 - IOException on connection: Connect timed out
2026-04-18 09:28:43,420 [INFO] Activator:176 - 


2026-04-18 09:28:43,423 [INFO] Activator:177 - !SESSION log4j initialized
2026-04-18 09:28:50,672 [INFO] LogOutputStream:77 - [STDOUT_REDIRECT] 
